#
# A fatal error has been detected by the Java Runtime Environment:
#
#  EXCEPTION_ACCESS_VIOLATION (0xc0000005) at pc=0x77d1a134, pid=5504, tid=0x0000154c
#
# JRE version: Java(TM) SE Runtime Environment (8.0_131-b11) (build 1.8.0_131-b11)
# Java VM: Java HotSpot(TM) Client VM (25.131-b11 mixed mode windows-x86 )
# Problematic frame:
# C  [ntdll.dll+0x4a134]
#
# Failed to write core dump. Minidumps are not enabled by default on client versions of Windows
#
# If you would like to submit a bug report, please visit:
#   http://bugreport.java.com/bugreport/crash.jsp
# The crash happened outside the Java Virtual Machine in native code.
# See problematic frame for where to report the bug.
#

---------------  T H R E A D  ---------------

Current thread (0x35ecbc00):  JavaThread "FileSystemWatcher: files=#160 cl=sun.misc.Launcher$AppClassLoader@b4aac2" daemon [_thread_in_native, id=5452, stack(0x366d0000,0x36720000)]

siginfo: ExceptionCode=0xc0000005, reading address 0xc13b4ee5

Registers:
EAX=0x000000fd, EBX=0x00000000, ECX=0x3671ee11, EDX=0x3671ee17
ESP=0x3671ee11, EBP=0x3671ee30, ESI=0x3a0eed70, EDI=0x000000ce
EIP=0x77d1a134, EFLAGS=0x00010203

Top of Stack: (sp=0x3671ee11)
0x3671ee11:   68000000 383671f1 003671ef ce00ab00
0x3671ee21:   7000d000 003a0eed 00000000 d0000000
0x3671ee31:   c73671ee 2177d19e bcd8cf55 003671f1
0x3671ee41:   08000000 d4000002 c93671ee d877d10f
0x3671ee51:   00000000 04000000 67000001 ce000000
0x3671ee61:   04020800 08000001 ce000002 1c000000
0x3671ee71:   67000000 00000000 68000000 673671f1
0x3671ee81:   03000000 03000000 003671ef 00000000 

Instructions: (pc=0x77d1a134)
0x77d1a114:   00 00 66 89 04 4b 41 89 4d a4 46 89 75 b0 e9 7b
0x77d1a124:   fe ff ff 8b cf 83 c0 02 d1 e9 8d 0c 4e 3b c1 0f
0x77d1a134:   83 5b fc ff ff 66 8b 08 66 83 c9 20 0f b7 c9 83
0x77d1a144:   f9 70 74 18 83 f9 63 74 13 83 f9 6e 74 0e 83 f9 


Register to memory mapping:

EAX=0x000000fd is an unknown value
EBX=0x00000000 is an unknown value
ECX=0x3671ee11 is pointing into the stack for thread: 0x35ecbc00
EDX=0x3671ee17 is pointing into the stack for thread: 0x35ecbc00
ESP=0x3671ee11 is pointing into the stack for thread: 0x35ecbc00
EBP=0x3671ee30 is pointing into the stack for thread: 0x35ecbc00
ESI=0x3a0eed70 is an unknown value
EDI=0x000000ce is an unknown value


Stack: [0x366d0000,0x36720000],  sp=0x3671ee11,  free space=315k
Native frames: (J=compiled Java code, j=interpreted, Vv=VM code, C=native code)
C  [ntdll.dll+0x4a134]
C  [ntdll.dll+0x49ec7]
C  [ntdll.dll+0x4a615]
C  [ntdll.dll+0x60681]
C  [KERNELBASE.dll+0x15149]
C  [KERNELBASE.dll+0x15072]
C  [java.dll+0x8244]
J 2498  java.io.WinNTFileSystem.getLastModifiedTime(Ljava/io/File;)J (0 bytes) @ 0x030b12ea [0x030b1250+0x9a]
J 8531% C1 org.springsource.loaded.agent.Watcher.run()V (343 bytes) @ 0x0344e7d8 [0x0344e510+0x2c8]
j  java.lang.Thread.run()V+11
v  ~StubRoutines::call_stub
V  [jvm.dll+0x15af45]
V  [jvm.dll+0x2213ae]
V  [jvm.dll+0x15afde]
V  [jvm.dll+0x15b166]
V  [jvm.dll+0x15b1d7]
V  [jvm.dll+0xff36f]
V  [jvm.dll+0x17dc30]
V  [jvm.dll+0x17e4aa]
V  [jvm.dll+0x1c2ec6]
C  [msvcr100.dll+0x5c556]
C  [msvcr100.dll+0x5c600]
C  [KERNEL32.DLL+0x17c04]
C  [ntdll.dll+0x5ad2f]
C  [ntdll.dll+0x5acfa]
C  0x00000000

Java frames: (J=compiled Java code, j=interpreted, Vv=VM code)
J 2498  java.io.WinNTFileSystem.getLastModifiedTime(Ljava/io/File;)J (0 bytes) @ 0x030b12a6 [0x030b1250+0x56]
J 8531% C1 org.springsource.loaded.agent.Watcher.run()V (343 bytes) @ 0x0344e7d8 [0x0344e510+0x2c8]
j  java.lang.Thread.run()V+11
v  ~StubRoutines::call_stub

---------------  P R O C E S S  ---------------

Java Threads: ( => current thread )
  0x3a15c000 JavaThread "http-nio-8001-exec-10" daemon [_thread_blocked, id=9076, stack(0x3cd50000,0x3cda0000)]
  0x3a15d400 JavaThread "http-nio-8001-exec-9" daemon [_thread_blocked, id=8484, stack(0x3ccc0000,0x3cd10000)]
  0x3a15e400 JavaThread "Thread-13" daemon [_thread_blocked, id=8052, stack(0x3cc30000,0x3cc80000)]
  0x3a15e000 JavaThread "http-nio-8001-exec-8" daemon [_thread_blocked, id=5520, stack(0x3cba0000,0x3cbf0000)]
  0x3a15d800 JavaThread "http-nio-8001-exec-7" daemon [_thread_blocked, id=7424, stack(0x3cb10000,0x3cb60000)]
  0x3a157c00 JavaThread "http-nio-8001-exec-6" daemon [_thread_blocked, id=8668, stack(0x3ca80000,0x3cad0000)]
  0x3a159800 JavaThread "http-nio-8001-exec-5" daemon [_thread_blocked, id=8880, stack(0x3c9f0000,0x3ca40000)]
  0x3a159400 JavaThread "http-nio-8001-exec-4" daemon [_thread_blocked, id=8368, stack(0x3c960000,0x3c9b0000)]
  0x3a157400 JavaThread "http-nio-8001-exec-3" daemon [_thread_blocked, id=7296, stack(0x3c8d0000,0x3c920000)]
  0x3a158c00 JavaThread "http-nio-8001-exec-2" daemon [_thread_blocked, id=8156, stack(0x3c640000,0x3c690000)]
  0x3a158000 JavaThread "http-nio-8001-exec-1" daemon [_thread_blocked, id=7944, stack(0x3c4b0000,0x3c500000)]
  0x3a15a800 JavaThread "DestroyJavaVM" [_thread_blocked, id=5228, stack(0x02790000,0x027e0000)]
  0x3a15a000 JavaThread "Thread-10" daemon [_thread_blocked, id=2020, stack(0x3c200000,0x3c250000)]
  0x3a158800 JavaThread "Thread-12" [_thread_blocked, id=7988, stack(0x3c170000,0x3c1c0000)]
  0x3a156c00 JavaThread "Thread-11" daemon [_thread_in_native, id=5304, stack(0x3c0e0000,0x3c130000)]
  0x39e59400 JavaThread "http-nio-8001-Acceptor-0" daemon [_thread_in_native, id=5068, stack(0x3c050000,0x3c0a0000)]
  0x39e5bc00 JavaThread "http-nio-8001-ClientPoller-1" daemon [_thread_in_native, id=8336, stack(0x3bfc0000,0x3c010000)]
  0x39e5b000 JavaThread "http-nio-8001-ClientPoller-0" daemon [_thread_in_native, id=4876, stack(0x3bf30000,0x3bf80000)]
  0x39e5b400 JavaThread "NioBlockingSelector.BlockPoller-1" daemon [_thread_in_native, id=408, stack(0x3bea0000,0x3bef0000)]
  0x39e59000 JavaThread "threadPoolExecutor-4" daemon [_thread_blocked, id=8412, stack(0x3be10000,0x3be60000)]
  0x39e5a800 JavaThread "threadPoolExecutor-3" daemon [_thread_blocked, id=3668, stack(0x3bd80000,0x3bdd0000)]
  0x39e58400 JavaThread "threadPoolExecutor-2" daemon [_thread_blocked, id=5940, stack(0x3bbf0000,0x3bc40000)]
  0x39e5a000 JavaThread "threadPoolExecutor-1" daemon [_thread_blocked, id=7300, stack(0x3bb60000,0x3bbb0000)]
  0x39e59c00 JavaThread "container-0" [_thread_blocked, id=5420, stack(0x3b4d0000,0x3b520000)]
  0x37491000 JavaThread "ContainerBackgroundProcessor[StandardEngine[Tomcat].StandardHost[localhost].StandardContext[]]" daemon [_thread_blocked, id=1776, stack(0x3b440000,0x3b490000)]
  0x37d6dc00 JavaThread "mes_web.RoleLG.data" daemon [_thread_blocked, id=4992, stack(0x3ae00000,0x3ae50000)]
  0x37d01000 JavaThread "net.sf.ehcache.CacheManager@df794e" daemon [_thread_blocked, id=472, stack(0x39ba0000,0x39bf0000)]
  0x35fd3400 JavaThread "Tomcat JDBC Pool Cleaner[11840194:1498153299694]" daemon [_thread_blocked, id=5204, stack(0x38410000,0x38460000)]
=>0x35ecbc00 JavaThread "FileSystemWatcher: files=#160 cl=sun.misc.Launcher$AppClassLoader@b4aac2" daemon [_thread_in_native, id=5452, stack(0x366d0000,0x36720000)]
  0x35db1000 JavaThread "Service Thread" daemon [_thread_blocked, id=8892, stack(0x365b0000,0x36600000)]
  0x35d9f000 JavaThread "C1 CompilerThread2" daemon [_thread_blocked, id=6672, stack(0x36520000,0x36570000)]
  0x35d9e400 JavaThread "C1 CompilerThread1" daemon [_thread_blocked, id=6388, stack(0x36490000,0x364e0000)]
  0x35da3c00 JavaThread "C1 CompilerThread0" daemon [_thread_blocked, id=4296, stack(0x36400000,0x36450000)]
  0x3522fc00 JavaThread "Attach Listener" daemon [_thread_blocked, id=8252, stack(0x35770000,0x357c0000)]
  0x3522f400 JavaThread "Signal Dispatcher" daemon [_thread_blocked, id=7816, stack(0x356e0000,0x35730000)]
  0x35219000 JavaThread "Finalizer" daemon [_thread_blocked, id=3316, stack(0x35550000,0x355a0000)]
  0x35213000 JavaThread "Reference Handler" daemon [_thread_blocked, id=8260, stack(0x354c0000,0x35510000)]

Other Threads:
  0x351fdc00 VMThread [stack: 0x35430000,0x35480000] [id=8108]
  0x35db2400 WatcherThread [stack: 0x36640000,0x36690000] [id=8592]

VM state:not at safepoint (normal execution)

VM Mutex/Monitor currently owned by a thread: None

Heap:
 def new generation   total 235968K, used 134407K [0x04c00000, 0x14c00000, 0x14c00000)
  eden space 209792K,  57% used [0x04c00000, 0x0c0d59b0, 0x118e0000)
  from space 26176K,  56% used [0x13270000, 0x140dc3b8, 0x14c00000)
  to   space 26176K,   0% used [0x118e0000, 0x118e0000, 0x13270000)
 tenured generation   total 524288K, used 189545K [0x14c00000, 0x34c00000, 0x34c00000)
   the space 524288K,  36% used [0x14c00000, 0x2051a7c0, 0x2051a800, 0x34c00000)
 Metaspace       used 60667K, capacity 63544K, committed 63616K, reserved 63872K

Card table byte_map: [0x34c00000,0x34d90000] byte_map_base: 0x34bda000

Polling page: 0x00dd0000

CodeCache: size=32768Kb used=9457Kb max_used=12106Kb free=23310Kb
 bounds [0x02a40000, 0x03620000, 0x04a40000]
 total_blobs=4042 nmethods=3573 adapters=395
 compilation: enabled

Compilation events (10 events):
Event: 15535.905 Thread 0x35d9f000 10820   !         org.apache.catalina.core.StandardContext::getLoader (38 bytes)
Event: 15535.906 Thread 0x35d9f000 nmethod 10820 0x02f0b708 code [0x02f0b850, 0x02f0ba68]
Event: 15986.001 Thread 0x35da3c00 10821   !         org.apache.catalina.core.ContainerBase::findChildren (42 bytes)
Event: 15986.001 Thread 0x35da3c00 nmethod 10821 0x030f5408 code [0x030f5530, 0x030f5838]
Event: 16016.004 Thread 0x35d9f000 10822   !         org.apache.catalina.core.ContainerBase::getClusterInternal (38 bytes)
Event: 16016.004 Thread 0x35d9e400 10823   !         org.apache.catalina.core.ContainerBase::getRealmInternal (38 bytes)
Event: 16016.004 Thread 0x35d9e400 nmethod 10823 0x03169fc8 code [0x0316a110, 0x0316a318]
Event: 16016.004 Thread 0x35d9f000 nmethod 10822 0x02d67088 code [0x02d671d0, 0x02d673d8]
Event: 16886.151 Thread 0x35da3c00 10824             org.apache.catalina.mapper.MapperListener::lifecycleEvent (180 bytes)
Event: 16886.153 Thread 0x35da3c00 nmethod 10824 0x030b0588 code [0x030b0780, 0x030b0d98]

GC Heap History (10 events):
Event: 226.451 GC heap before
{Heap before GC invocations=52 (full 4):
 def new generation   total 235968K, used 220990K [0x04c00000, 0x14c00000, 0x14c00000)
  eden space 209792K,  99% used [0x04c00000, 0x118a70d8, 0x118e0000)
  from space 26176K,  43% used [0x118e0000, 0x12408770, 0x13270000)
  to   space 26176K,   0% used [0x13270000, 0x13270000, 0x14c00000)
 tenured generation   total 524288K, used 185611K [0x14c00000, 0x34c00000, 0x34c00000)
   the space 524288K,  35% used [0x14c00000, 0x20142ef8, 0x20143000, 0x34c00000)
 Metaspace       used 59769K, capacity 62530K, committed 62592K, reserved 62848K
Event: 226.481 GC heap after
Heap after GC invocations=53 (full 4):
 def new generation   total 235968K, used 13557K [0x04c00000, 0x14c00000, 0x14c00000)
  eden space 209792K,   0% used [0x04c00000, 0x04c00000, 0x118e0000)
  from space 26176K,  51% used [0x13270000, 0x13fad698, 0x14c00000)
  to   space 26176K,   0% used [0x118e0000, 0x118e0000, 0x13270000)
 tenured generation   total 524288K, used 185611K [0x14c00000, 0x34c00000, 0x34c00000)
   the space 524288K,  35% used [0x14c00000, 0x20142ef8, 0x20143000, 0x34c00000)
 Metaspace       used 59769K, capacity 62530K, committed 62592K, reserved 62848K
}
Event: 231.128 GC heap before
{Heap before GC invocations=53 (full 4):
 def new generation   total 235968K, used 223349K [0x04c00000, 0x14c00000, 0x14c00000)
  eden space 209792K, 100% used [0x04c00000, 0x118e0000, 0x118e0000)
  from space 26176K,  51% used [0x13270000, 0x13fad698, 0x14c00000)
  to   space 26176K,   0% used [0x118e0000, 0x118e0000, 0x13270000)
 tenured generation   total 524288K, used 185611K [0x14c00000, 0x34c00000, 0x34c00000)
   the space 524288K,  35% used [0x14c00000, 0x20142ef8, 0x20143000, 0x34c00000)
 Metaspace       used 60157K, capacity 62933K, committed 62976K, reserved 63872K
Event: 231.162 GC heap after
Heap after GC invocations=54 (full 4):
 def new generation   total 235968K, used 10429K [0x04c00000, 0x14c00000, 0x14c00000)
  eden space 209792K,   0% used [0x04c00000, 0x04c00000, 0x118e0000)
  from space 26176K,  39% used [0x118e0000, 0x1230f450, 0x13270000)
  to   space 26176K,   0% used [0x13270000, 0x13270000, 0x14c00000)
 tenured generation   total 524288K, used 189545K [0x14c00000, 0x34c00000, 0x34c00000)
   the space 524288K,  36% used [0x14c00000, 0x2051a7c0, 0x2051a800, 0x34c00000)
 Metaspace       used 60157K, capacity 62933K, committed 62976K, reserved 63872K
}
Event: 233.973 GC heap before
{Heap before GC invocations=54 (full 4):
 def new generation   total 235968K, used 220221K [0x04c00000, 0x14c00000, 0x14c00000)
  eden space 209792K, 100% used [0x04c00000, 0x118e0000, 0x118e0000)
  from space 26176K,  39% used [0x118e0000, 0x1230f450, 0x13270000)
  to   space 26176K,   0% used [0x13270000, 0x13270000, 0x14c00000)
 tenured generation   total 524288K, used 189545K [0x14c00000, 0x34c00000, 0x34c00000)
   the space 524288K,  36% used [0x14c00000, 0x2051a7c0, 0x2051a800, 0x34c00000)
 Metaspace       used 60305K, capacity 63101K, committed 63104K, reserved 63872K
Event: 234.006 GC heap after
Heap after GC invocations=55 (full 4):
 def new generation   total 235968K, used 11830K [0x04c00000, 0x14c00000, 0x14c00000)
  eden space 209792K,   0% used [0x04c00000, 0x04c00000, 0x118e0000)
  from space 26176K,  45% used [0x13270000, 0x13dfdba8, 0x14c00000)
  to   space 26176K,   0% used [0x118e0000, 0x118e0000, 0x13270000)
 tenured generation   total 524288K, used 189545K [0x14c00000, 0x34c00000, 0x34c00000)
   the space 524288K,  36% used [0x14c00000, 0x2051a7c0, 0x2051a800, 0x34c00000)
 Metaspace       used 60305K, capacity 63101K, committed 63104K, reserved 63872K
}
Event: 235.300 GC heap before
{Heap before GC invocations=55 (full 4):
 def new generation   total 235968K, used 221622K [0x04c00000, 0x14c00000, 0x14c00000)
  eden space 209792K, 100% used [0x04c00000, 0x118e0000, 0x118e0000)
  from space 26176K,  45% used [0x13270000, 0x13dfdba8, 0x14c00000)
  to   space 26176K,   0% used [0x118e0000, 0x118e0000, 0x13270000)
 tenured generation   total 524288K, used 189545K [0x14c00000, 0x34c00000, 0x34c00000)
   the space 524288K,  36% used [0x14c00000, 0x2051a7c0, 0x2051a800, 0x34c00000)
 Metaspace       used 60458K, capacity 63271K, committed 63360K, reserved 63872K
Event: 235.337 GC heap after
Heap after GC invocations=56 (full 4):
 def new generation   total 235968K, used 12973K [0x04c00000, 0x14c00000, 0x14c00000)
  eden space 209792K,   0% used [0x04c00000, 0x04c00000, 0x118e0000)
  from space 26176K,  49% used [0x118e0000, 0x1258b500, 0x13270000)
  to   space 26176K,   0% used [0x13270000, 0x13270000, 0x14c00000)
 tenured generation   total 524288K, used 189545K [0x14c00000, 0x34c00000, 0x34c00000)
   the space 524288K,  36% used [0x14c00000, 0x2051a7c0, 0x2051a800, 0x34c00000)
 Metaspace       used 60458K, capacity 63271K, committed 63360K, reserved 63872K
}
Event: 248.107 GC heap before
{Heap before GC invocations=56 (full 4):
 def new generation   total 235968K, used 222765K [0x04c00000, 0x14c00000, 0x14c00000)
  eden space 209792K, 100% used [0x04c00000, 0x118e0000, 0x118e0000)
  from space 26176K,  49% used [0x118e0000, 0x1258b500, 0x13270000)
  to   space 26176K,   0% used [0x13270000, 0x13270000, 0x14c00000)
 tenured generation   total 524288K, used 189545K [0x14c00000, 0x34c00000, 0x34c00000)
   the space 524288K,  36% used [0x14c00000, 0x2051a7c0, 0x2051a800, 0x34c00000)
 Metaspace       used 60662K, capacity 63512K, committed 63616K, reserved 63872K
Event: 248.132 GC heap after
Heap after GC invocations=57 (full 4):
 def new generation   total 235968K, used 14768K [0x04c00000, 0x14c00000, 0x14c00000)
  eden space 209792K,   0% used [0x04c00000, 0x04c00000, 0x118e0000)
  from space 26176K,  56% used [0x13270000, 0x140dc3b8, 0x14c00000)
  to   space 26176K,   0% used [0x118e0000, 0x118e0000, 0x13270000)
 tenured generation   total 524288K, used 189545K [0x14c00000, 0x34c00000, 0x34c00000)
   the space 524288K,  36% used [0x14c00000, 0x2051a7c0, 0x2051a800, 0x34c00000)
 Metaspace       used 60662K, capacity 63512K, committed 63616K, reserved 63872K
}

Deoptimization events (0 events):
No events

Internal exceptions (10 events):
Event: 234.396 Thread 0x3a157c00 Exception <a 'java/lang/ClassNotFoundException': boolean> (0x0831f390) thrown at [C:\re\workspace\8-2-build-windows-i586-cygwin\jdk8u131\8869\hotspot\src\share\vm\classfile\systemDictionary.cpp, line 210]
Event: 234.510 Thread 0x3a157c00 Exception <a 'java/lang/ClassCastException'> (0x08e9e8b8) thrown at [C:\re\workspace\8-2-build-windows-i586-cygwin\jdk8u131\8869\hotspot\src\share\vm\runtime\sharedRuntime.cpp, line 605]
Event: 234.836 Thread 0x3a157c00 Exception <a 'java/lang/ClassNotFoundException': boolean> (0x0b1bd558) thrown at [C:\re\workspace\8-2-build-windows-i586-cygwin\jdk8u131\8869\hotspot\src\share\vm\classfile\systemDictionary.cpp, line 210]
Event: 240.342 Thread 0x3a15d800 Exception <a 'java/lang/ClassNotFoundException': org/grails/orm/hibernate/support/ClosureEventListener$7BeanInfo> (0x06d81a00) thrown at [C:\re\workspace\8-2-build-windows-i586-cygwin\jdk8u131\8869\hotspot\src\share\vm\classfile\systemDictionary.cpp, line
Event: 240.344 Thread 0x3a15d800 Exception <a 'java/lang/ClassNotFoundException': org/grails/orm/hibernate/support/ClosureEventListener$7Customizer> (0x06db3550) thrown at [C:\re\workspace\8-2-build-windows-i586-cygwin\jdk8u131\8869\hotspot\src\share\vm\classfile\systemDictionary.cpp, li
Event: 240.344 Thread 0x3a15d800 Exception <a 'java/lang/ArrayIndexOutOfBoundsException': 42> (0x06db7360) thrown at [C:\re\workspace\8-2-build-windows-i586-cygwin\jdk8u131\8869\hotspot\src\share\vm\interpreter\interpreterRuntime.cpp, line 366]
Event: 240.470 Thread 0x3a158000 Exception <a 'java/lang/ClassCastException'> (0x0765ff80) thrown at [C:\re\workspace\8-2-build-windows-i586-cygwin\jdk8u131\8869\hotspot\src\share\vm\runtime\sharedRuntime.cpp, line 605]
Event: 240.470 Thread 0x3a158000 Exception <a 'java/lang/ClassCastException'> (0x07660c00) thrown at [C:\re\workspace\8-2-build-windows-i586-cygwin\jdk8u131\8869\hotspot\src\share\vm\runtime\sharedRuntime.cpp, line 605]
Event: 240.471 Thread 0x3a158000 Exception <a 'java/lang/ClassCastException'> (0x076b0968) thrown at [C:\re\workspace\8-2-build-windows-i586-cygwin\jdk8u131\8869\hotspot\src\share\vm\runtime\sharedRuntime.cpp, line 605]
Event: 247.910 Thread 0x3a15d800 Exception <a 'java/lang/ClassCastException'> (0x0f276288) thrown at [C:\re\workspace\8-2-build-windows-i586-cygwin\jdk8u131\8869\hotspot\src\share\vm\runtime\sharedRuntime.cpp, line 605]

Events (10 events):
Event: 16886.156 Thread 0x35da3c00 flushing nmethod 0x0325a148
Event: 16886.156 Thread 0x35da3c00 flushing nmethod 0x0325a408
Event: 16886.156 Thread 0x35da3c00 flushing nmethod 0x0325a608
Event: 16886.156 Thread 0x35da3c00 flushing nmethod 0x0325aa08
Event: 16886.156 Thread 0x35da3c00 flushing nmethod 0x0325fe88
Event: 16886.156 Thread 0x35da3c00 flushing nmethod 0x03260048
Event: 16886.156 Thread 0x35da3c00 flushing nmethod 0x03260208
Event: 16886.156 Thread 0x35da3c00 flushing nmethod 0x032603c8
Event: 16886.157 Thread 0x35da3c00 flushing nmethod 0x03266ec8
Event: 16886.157 Thread 0x35da3c00 flushing nmethod 0x03267508


Dynamic libraries:
0x00250000 - 0x00283000 	C:\Program Files (x86)\Java\jdk1.8.0_131\bin\java.exe
0x77cd0000 - 0x77e3f000 	C:\Windows\SYSTEM32\ntdll.dll
0x77ab0000 - 0x77bf0000 	C:\Windows\SYSTEM32\KERNEL32.DLL
0x75950000 - 0x75a27000 	C:\Windows\SYSTEM32\KERNELBASE.dll
0x73890000 - 0x73930000 	C:\Windows\system32\apphelp.dll
0x628c0000 - 0x62b26000 	C:\Windows\AppPatch\AcGenral.DLL
0x77870000 - 0x77933000 	C:\Windows\SYSTEM32\msvcrt.dll
0x76330000 - 0x76371000 	C:\Windows\SYSTEM32\sechost.dll
0x77a70000 - 0x77a8e000 	C:\Windows\SYSTEM32\SspiCli.dll
0x75f60000 - 0x75fa5000 	C:\Windows\SYSTEM32\SHLWAPI.dll
0x74270000 - 0x7435d000 	C:\Windows\SYSTEM32\UxTheme.dll
0x76150000 - 0x762a3000 	C:\Windows\SYSTEM32\USER32.dll
0x75fb0000 - 0x760bc000 	C:\Windows\SYSTEM32\GDI32.dll
0x74b70000 - 0x74b93000 	C:\Windows\SYSTEM32\WINMM.dll
0x62b30000 - 0x62b43000 	C:\Windows\SYSTEM32\samcli.dll
0x755e0000 - 0x75709000 	C:\Windows\SYSTEM32\ole32.dll
0x75bf0000 - 0x75c87000 	C:\Windows\SYSTEM32\OLEAUT32.dll
0x72d40000 - 0x72d57000 	C:\Windows\SYSTEM32\MSACM32.dll
0x74e50000 - 0x74e58000 	C:\Windows\SYSTEM32\VERSION.dll
0x765b0000 - 0x7786a000 	C:\Windows\SYSTEM32\SHELL32.dll
0x75420000 - 0x7543b000 	C:\Windows\SYSTEM32\USERENV.dll
0x74250000 - 0x7426a000 	C:\Windows\SYSTEM32\dwmapi.dll
0x6c180000 - 0x6c2cb000 	C:\Windows\SYSTEM32\urlmon.dll
0x762b0000 - 0x7632c000 	C:\Windows\SYSTEM32\ADVAPI32.dll
0x74360000 - 0x743c5000 	C:\Windows\SYSTEM32\WINSPOOL.DRV
0x6ab10000 - 0x6ab26000 	C:\Windows\SYSTEM32\MPR.dll
0x764f0000 - 0x765aa000 	C:\Windows\SYSTEM32\RPCRT4.dll
0x754b0000 - 0x754ba000 	C:\Windows\SYSTEM32\CRYPTBASE.dll
0x75710000 - 0x7588d000 	C:\Windows\SYSTEM32\combase.dll
0x74b40000 - 0x74b63000 	C:\Windows\SYSTEM32\WINMMBASE.dll
0x75400000 - 0x7540f000 	C:\Windows\SYSTEM32\profapi.dll
0x73d60000 - 0x73f95000 	C:\Windows\SYSTEM32\iertutil.dll
0x73fa0000 - 0x7424b000 	C:\Windows\SYSTEM32\WININET.dll
0x75450000 - 0x754a4000 	C:\Windows\SYSTEM32\bcryptPrimitives.dll
0x77a20000 - 0x77a5c000 	C:\Windows\SYSTEM32\cfgmgr32.dll
0x75380000 - 0x753a1000 	C:\Windows\SYSTEM32\DEVOBJ.dll
0x74d60000 - 0x74deb000 	C:\Windows\SYSTEM32\SHCORE.DLL
0x77940000 - 0x77967000 	C:\Windows\system32\IMM32.DLL
0x75e40000 - 0x75f52000 	C:\Windows\SYSTEM32\MSCTF.dll
0x745c0000 - 0x747c6000 	C:\Windows\WinSxS\x86_microsoft.windows.common-controls_6595b64144ccf1df_6.0.9600.18006_none_a9ec6aab013aafee\COMCTL32.dll
0x62d00000 - 0x62dbf000 	C:\Program Files (x86)\Java\jdk1.8.0_131\jre\bin\msvcr100.dll
0x5b030000 - 0x5b3fe000 	C:\Program Files (x86)\Java\jdk1.8.0_131\jre\bin\client\jvm.dll
0x74d20000 - 0x74d28000 	C:\Windows\SYSTEM32\WSOCK32.dll
0x77970000 - 0x77976000 	C:\Windows\SYSTEM32\PSAPI.DLL
0x754c0000 - 0x7550f000 	C:\Windows\SYSTEM32\WS2_32.dll
0x77bf0000 - 0x77bf7000 	C:\Windows\SYSTEM32\NSI.dll
0x72e00000 - 0x72e0c000 	C:\Program Files (x86)\Java\jdk1.8.0_131\jre\bin\verify.dll
0x62cd0000 - 0x62cf1000 	C:\Program Files (x86)\Java\jdk1.8.0_131\jre\bin\java.dll
0x62b60000 - 0x62b80000 	C:\Program Files (x86)\Java\jdk1.8.0_131\jre\bin\instrument.dll
0x62cb0000 - 0x62cc3000 	C:\Program Files (x86)\Java\jdk1.8.0_131\jre\bin\zip.dll
0x62bc0000 - 0x62bd6000 	C:\Program Files (x86)\Java\jdk1.8.0_131\jre\bin\net.dll
0x74a90000 - 0x74adb000 	C:\Windows\system32\mswsock.dll
0x64650000 - 0x64661000 	C:\Windows\system32\napinsp.dll
0x64630000 - 0x64646000 	C:\Windows\system32\pnrpnsp.dll
0x64610000 - 0x64624000 	C:\Windows\system32\NLAapi.dll
0x748d0000 - 0x7494e000 	C:\Windows\SYSTEM32\DNSAPI.dll
0x64600000 - 0x6460a000 	C:\Windows\System32\winrnr.dll
0x645f0000 - 0x64600000 	C:\Windows\system32\wshbth.dll
0x748c0000 - 0x748c8000 	C:\Windows\System32\rasadhlp.dll
0x74f00000 - 0x74f20000 	C:\Windows\SYSTEM32\IPHLPAPI.DLL
0x74df0000 - 0x74df8000 	C:\Windows\SYSTEM32\WINNSI.DLL
0x74870000 - 0x748b6000 	C:\Windows\System32\fwpuclnt.dll
0x62b80000 - 0x62b8a000 	C:\Program Files (x86)\Java\jdk1.8.0_131\jre\bin\management.dll
0x62ca0000 - 0x62caf000 	C:\Program Files (x86)\Java\jdk1.8.0_131\jre\bin\nio.dll
0x74c40000 - 0x74c59000 	C:\Windows\SYSTEM32\CRYPTSP.dll
0x74c10000 - 0x74c40000 	C:\Windows\system32\rsaenh.dll
0x74bf0000 - 0x74c0e000 	C:\Windows\SYSTEM32\bcrypt.dll
0x74420000 - 0x74433000 	C:\Windows\SYSTEM32\dhcpcsvc6.DLL
0x74440000 - 0x74454000 	C:\Windows\SYSTEM32\dhcpcsvc.DLL
0x73a80000 - 0x73bc1000 	C:\Windows\SYSTEM32\dbghelp.dll

VM Arguments:
jvm_args: -Dendpoints.shutdown.enabled=true -Denv=development -Dfull.stacktrace=false -Dgrails.env=development -Dgrails.full.stacktrace=false -Dinfo.app.grailsVersion=3.1.9 -Dinfo.app.name=mes_web_v1.37 -Dinfo.app.version=1.37 -Dinteractive.mode.enabled=true -Djdk.reflect.allowGetCallerClass=true -Drun.active=true -Dserver.port=8001 -Dspringloaded=inclusions=grails.plugins..*;synchronize=true;allowSplitPackages=true;cacheDir=C:\Users\1200\Documents\Grails\mes_web_v1.37\build\springloaded -Dverbose=false -XX:+TieredCompilation -XX:TieredStopAtLevel=1 -XX:CICompilerCount=3 -Xverify:none -javaagent:C:\Users\1200\.gradle\caches\modules-2\files-2.1\org.springframework\springloaded\1.2.6.RELEASE\df364cd5f36ae9a01ac4e73ecd138daa735fbbc8\springloaded-1.2.6.RELEASE.jar -Xverify:none -Xms768m -Xmx768m -Dfile.encoding=windows-1252 -Duser.country=MX -Duser.language=es -Duser.variant 
java_command: mes_web.Application
java_class_path (initial): C:\Users\1200\Documents\Grails\mes_web_v1.37\build\classes\main;C:\Users\1200\Documents\Grails\mes_web_v1.37\build\resources\main;C:\Users\1200\Documents\Grails\mes_web_v1.37\gsp-classes;C:\Users\1200\.gradle\caches\modules-2\files-2.1\org.springframework.boot\spring-boot-starter-logging\1.3.5.RELEASE\a71e1d7fff512b1eadd3426ea1ce5b4cc703c429\spring-boot-starter-logging-1.3.5.RELEASE.jar;C:\Users\1200\.gradle\caches\modules-2\files-2.1\org.springframework.boot\spring-boot-autoconfigure\1.3.5.RELEASE\2bcfa86bb3afd95eff5252db6d78f2693b706997\spring-boot-autoconfigure-1.3.5.RELEASE.jar;C:\Users\1200\.gradle\caches\modules-2\files-2.1\org.grails\grails-core\3.1.9\3a08d42d7c2c3707c73730cf51d3bf0eb608ecc5\grails-core-3.1.9.jar;C:\Users\1200\.gradle\caches\modules-2\files-2.1\org.springframework.boot\spring-boot-starter-actuator\1.3.5.RELEASE\abb4f12506b8cd47689be14b0f54a24dd79f3ed5\spring-boot-starter-actuator-1.3.5.RELEASE.jar;C:\Users\1200\.gradle\caches\modules-2\files-2.1\org.springframework.boot\spring-boot-starter-tomcat\1.3.5.RELEASE\b4c6277ccec38c51716659886efec073c4b386ea\spring-boot-starter-tomcat-1.3.5.RELEASE.jar;C:\Users\1200\.gradle\caches\modules-2\files-2.1\org.postgresql\postgresql\9.4-1201-jdbc4\7f7a680f2aa8fe5d511c5cf5f78fa3a297a8e52b\postgresql-9.4-1201-jdbc4.jar;C:\Users\1200\.gradle\caches\modules-2\files-2.1\org.grails\grails-web-boot\3.1.9\f36e2be02a399a2b92d9f38437fa3ebbedb24849\grails-web-boot-3.1.9.jar;C:\Users\1200\.gradle\caches\modules-2\files-2.1\org.grails.plugins\cache\3.0.2\519bc1bffb2afa10c93b92e872d49a5238e96558\cache-3.0.2.jar;C:\Users\1200\.gradle\caches\modules-2\files-2.1\org.grails.plugins\scaffolding\3.2.1\82b56d19aff8da7818a17e723c8a49f7499caf26\scaffolding-3.2.1.jar;C:\Users\1200\.gradle\caches\modules-2\files-2.1\org.grails.plugins\hibernate4\5.0.10\e5c5ae9264c8290085b4081fe3bdb2bef1d28d2c\hibernate4-5.0.10.jar;C:\Users\1200\.gradle\caches\modules-2\files-2.1\org.grails\grails-plugin-rest\3.1.9\b8aa3
Launcher Type: SUN_STANDARD

Environment Variables:
JAVA_HOME=C:\Program Files (x86)\Java\jdk1.8.0_131
PATH=C:\ProgramData\Oracle\Java\javapath;C:\Program Files (x86)\Java\jdk1.8.0_131\bin;C:\grails\bin;C:\Program Files\PHP\v7.0;C:\Program Files (x86)\Intel\iCLS Client\;C:\Program Files\Intel\iCLS Client\;C:\Windows\system32;C:\Windows;C:\Windows\System32\Wbem;C:\Windows\System32\WindowsPowerShell\v1.0\;C:\Program Files\Intel\Intel(R) Management Engine Components\DAL;C:\Program Files (x86)\Intel\Intel(R) Management Engine Components\DAL;C:\Program Files\Intel\Intel(R) Management Engine Components\IPT;C:\Program Files (x86)\Intel\Intel(R) Management Engine Components\IPT;C:\Program Files (x86)\PuTTY\;C:\Program Files (x86)\Microsoft SQL Server\100\Tools\Binn\;C:\Program Files\Microsoft SQL Server\100\Tools\Binn\;C:\Program Files\Microsoft SQL Server\100\DTS\Binn\;C:\Program Files (x86)\Microsoft SQL Server\100\Tools\Binn\VSShell\Common7\IDE\;C:\Program Files (x86)\Microsoft Visual Studio 9.0\Common7\IDE\PrivateAssemblies\;C:\Program Files (x86)\Microsoft SQL Server\100\DTS\Binn\;C:\Windows\system32\config\systemprofile\.dnx\bin;C:\Program Files\Microsoft DNX\Dnvm\;C:\Program Files\Microsoft SQL Server\120\Tools\Binn\;C:\Program Files\MySQL\MySQL Utilities 1.6\;C:\Program Files\MySQL\MySQL Server 5.7\bin;C:\Program Files (x86)\GtkSharp\2.12\bin;C:\Program Files (x86)\SSH Communications Security\SSH Secure Shell
USERNAME=1200
OS=Windows_NT
PROCESSOR_IDENTIFIER=Intel64 Family 6 Model 61 Stepping 4, GenuineIntel



---------------  S Y S T E M  ---------------

OS: Windows 8.1 , 64 bit Build 9600 (6.3.9600.17415)

CPU:total 4 (initial active 4) (2 cores per cpu, 2 threads per core) family 6 model 61 stepping 4, cmov, cx8, fxsr, mmx, sse, sse2, sse3, ssse3, sse4.1, sse4.2, popcnt, avx, avx2, aes, clmul, erms, 3dnowpref, lzcnt, ht, tsc, tscinvbit, bmi1, bmi2, adx

Memory: 4k page, physical 12483612k(6903648k free), swap 14384156k(7576876k free)

vm_info: Java HotSpot(TM) Client VM (25.131-b11) for windows-x86 JRE (1.8.0_131-b11), built on Mar 15 2017 01:26:29 by "java_re" with MS VC++ 10.0 (VS2010)

time: Thu Jun 22 17:23:05 2017
elapsed time: 16898 seconds (0d 4h 41m 38s)

