#
# A fatal error has been detected by the Java Runtime Environment:
#
#  EXCEPTION_ACCESS_VIOLATION (0xc0000005) at pc=0x77d28370, pid=4016, tid=0x000011dc
#
# JRE version: Java(TM) SE Runtime Environment (8.0_131-b11) (build 1.8.0_131-b11)
# Java VM: Java HotSpot(TM) Client VM (25.131-b11 mixed mode windows-x86 )
# Problematic frame:
# C  [ntdll.dll+0x58370]
#
# Failed to write core dump. Minidumps are not enabled by default on client versions of Windows
#
# If you would like to submit a bug report, please visit:
#   http://bugreport.java.com/bugreport/crash.jsp
# The crash happened outside the Java Virtual Machine in native code.
# See problematic frame for where to report the bug.
#

---------------  T H R E A D  ---------------

Current thread (0x35e94400):  JavaThread "FileSystemWatcher: files=#97 cl=sun.misc.Launcher$AppClassLoader@b4aac2" daemon [_thread_in_native, id=4572, stack(0x366d0000,0x36720000)]

siginfo: ExceptionCode=0xc0000005, reading address 0x00000000

Registers:
EAX=0x00000000, EBX=0x00e7bbd8, ECX=0x000000cd, EDX=0x00000000
ESP=0x3671f000, EBP=0x3671f020, ESI=0x3a653280, EDI=0x000000ce
EIP=0x77d28370, EFLAGS=0x00010202

Top of Stack: (sp=0x3671f000)
0x3671f000:   00000067 3671f358 3671f128 00b10000
0x3671f010:   00d000ce 3a653280 00000000 00000000
0x3671f020:   3671f0c0 77d19ec7 1809029d 3671f3ac
0x3671f030:   00000000 00000208 3671f0c4 77d10fc9
0x3671f040:   000000d8 00000000 00000104 00000067
0x3671f050:   020800ce 00000104 00000208 000000ce
0x3671f060:   0000001c 00000067 00000000 3671f358
0x3671f070:   00000067 00000003 3671f0f3 00000000 

Instructions: (pc=0x77d28370)
0x77d28350:   02 00 00 8b c1 49 89 8d 68 ff ff ff 89 8d 24 ff
0x77d28360:   ff ff 85 c0 0f 84 09 02 00 00 8b 85 78 ff ff ff
0x77d28370:   8b 00 89 45 88 85 c9 0f 84 b6 b1 fb ff 8a 55 bb
0x77d28380:   84 d2 0f 85 78 e4 04 00 84 db 74 1f 8d 4e 18 3b 


Register to memory mapping:

EAX=0x00000000 is an unknown value
EBX=0x00e7bbd8 is an unknown value
ECX=0x000000cd is an unknown value
EDX=0x00000000 is an unknown value
ESP=0x3671f000 is pointing into the stack for thread: 0x35e94400
EBP=0x3671f020 is pointing into the stack for thread: 0x35e94400
ESI=0x3a653280 is an unknown value
EDI=0x000000ce is an unknown value


Stack: [0x366d0000,0x36720000],  sp=0x3671f000,  free space=316k
Native frames: (J=compiled Java code, j=interpreted, Vv=VM code, C=native code)
C  [ntdll.dll+0x58370]
C  [ntdll.dll+0x49ec7]
C  [ntdll.dll+0x4a615]
C  [ntdll.dll+0x60681]
C  [KERNELBASE.dll+0x15149]
C  [KERNELBASE.dll+0x15072]
C  [java.dll+0x8244]
J 2472  java.io.WinNTFileSystem.getLastModifiedTime(Ljava/io/File;)J (0 bytes) @ 0x032601aa [0x03260110+0x9a]
J 4833% C1 org.springsource.loaded.agent.Watcher.run()V (343 bytes) @ 0x0365c098 [0x0365bdd0+0x2c8]
j  java.lang.Thread.run()V+11
v  ~StubRoutines::call_stub
V  [jvm.dll+0x15af45]
V  [jvm.dll+0x2213ae]
V  [jvm.dll+0x15afde]
V  [jvm.dll+0x15b166]
V  [jvm.dll+0x15b1d7]
V  [jvm.dll+0xff36f]
V  [jvm.dll+0x17dc30]
V  [jvm.dll+0x17e4aa]
V  [jvm.dll+0x1c2ec6]
C  [msvcr100.dll+0x5c556]
C  [msvcr100.dll+0x5c600]
C  [KERNEL32.DLL+0x17c04]
C  [ntdll.dll+0x5ad2f]
C  [ntdll.dll+0x5acfa]
C  0x00000000

Java frames: (J=compiled Java code, j=interpreted, Vv=VM code)
J 2472  java.io.WinNTFileSystem.getLastModifiedTime(Ljava/io/File;)J (0 bytes) @ 0x03260166 [0x03260110+0x56]
J 4833% C1 org.springsource.loaded.agent.Watcher.run()V (343 bytes) @ 0x0365c098 [0x0365bdd0+0x2c8]
j  java.lang.Thread.run()V+11
v  ~StubRoutines::call_stub

---------------  P R O C E S S  ---------------

Java Threads: ( => current thread )
  0x3a750400 JavaThread "DestroyJavaVM" [_thread_blocked, id=5728, stack(0x02690000,0x026e0000)]
  0x3a56b800 JavaThread "Thread-9" daemon [_thread_blocked, id=5388, stack(0x3c3b0000,0x3c400000)]
  0x3a56b400 JavaThread "Thread-11" [_thread_blocked, id=6952, stack(0x3c220000,0x3c270000)]
  0x3a56a800 JavaThread "Thread-10" daemon [_thread_in_native, id=4956, stack(0x3c190000,0x3c1e0000)]
  0x3a56a000 JavaThread "threadPoolExecutor-3" daemon [_thread_blocked, id=9176, stack(0x3c100000,0x3c150000)]
  0x3a568000 JavaThread "threadPoolExecutor-2" daemon [_thread_blocked, id=5772, stack(0x3c070000,0x3c0c0000)]
  0x3a569800 JavaThread "http-nio-8001-Acceptor-0" daemon [_thread_in_native, id=4820, stack(0x3bfe0000,0x3c030000)]
  0x3a569400 JavaThread "http-nio-8001-ClientPoller-1" daemon [_thread_in_native, id=3508, stack(0x3bf50000,0x3bfa0000)]
  0x3a568c00 JavaThread "http-nio-8001-ClientPoller-0" daemon [_thread_in_native, id=9128, stack(0x3bec0000,0x3bf10000)]
  0x3a568800 JavaThread "NioBlockingSelector.BlockPoller-1" daemon [_thread_in_native, id=7832, stack(0x3be30000,0x3be80000)]
  0x3a56ac00 JavaThread "threadPoolExecutor-1" daemon [_thread_blocked, id=7812, stack(0x3bb80000,0x3bbd0000)]
  0x3a202800 JavaThread "container-0" [_thread_blocked, id=5068, stack(0x3b4f0000,0x3b540000)]
  0x3a202400 JavaThread "ContainerBackgroundProcessor[StandardEngine[Tomcat].StandardHost[localhost].StandardContext[]]" daemon [_thread_blocked, id=2948, stack(0x3b460000,0x3b4b0000)]
  0x37dc4400 JavaThread "mes_web.RoleLG.data" daemon [_thread_blocked, id=3408, stack(0x39ee0000,0x39f30000)]
  0x37cdd400 JavaThread "net.sf.ehcache.CacheManager@1596a1a" daemon [_thread_blocked, id=8104, stack(0x39bc0000,0x39c10000)]
  0x379aa000 JavaThread "Tomcat JDBC Pool Cleaner[11840194:1498076757137]" daemon [_thread_blocked, id=9164, stack(0x38430000,0x38480000)]
=>0x35e94400 JavaThread "FileSystemWatcher: files=#97 cl=sun.misc.Launcher$AppClassLoader@b4aac2" daemon [_thread_in_native, id=4572, stack(0x366d0000,0x36720000)]
  0x35db3800 JavaThread "Service Thread" daemon [_thread_blocked, id=3812, stack(0x365b0000,0x36600000)]
  0x35da2000 JavaThread "C1 CompilerThread2" daemon [_thread_blocked, id=760, stack(0x36520000,0x36570000)]
  0x35da1000 JavaThread "C1 CompilerThread1" daemon [_thread_blocked, id=8252, stack(0x36490000,0x364e0000)]
  0x35d7e400 JavaThread "C1 CompilerThread0" daemon [_thread_blocked, id=5564, stack(0x36400000,0x36450000)]
  0x3534cc00 JavaThread "Attach Listener" daemon [_thread_blocked, id=5416, stack(0x35770000,0x357c0000)]
  0x3534c000 JavaThread "Signal Dispatcher" daemon [_thread_blocked, id=6624, stack(0x356e0000,0x35730000)]
  0x35329000 JavaThread "Finalizer" daemon [_thread_blocked, id=1772, stack(0x35550000,0x355a0000)]
  0x35323000 JavaThread "Reference Handler" daemon [_thread_blocked, id=5784, stack(0x35500000,0x35550000)]

Other Threads:
  0x3530dc00 VMThread [stack: 0x02a20000,0x02a70000] [id=5012]
  0x35db4c00 WatcherThread [stack: 0x36640000,0x36690000] [id=7440]

VM state:not at safepoint (normal execution)

VM Mutex/Monitor currently owned by a thread: None

Heap:
 def new generation   total 235968K, used 223127K [0x04c00000, 0x14c00000, 0x14c00000)
  eden space 209792K,  98% used [0x04c00000, 0x115e5e68, 0x118e0000)
  from space 26176K,  62% used [0x13270000, 0x14270168, 0x14c00000)
  to   space 26176K,   0% used [0x118e0000, 0x118e0000, 0x13270000)
 tenured generation   total 524288K, used 128677K [0x14c00000, 0x34c00000, 0x34c00000)
   the space 524288K,  24% used [0x14c00000, 0x1c9a9450, 0x1c9a9600, 0x34c00000)
 Metaspace       used 49242K, capacity 50146K, committed 50176K, reserved 50560K

Card table byte_map: [0x34c00000,0x34d90000] byte_map_base: 0x34bda000

Polling page: 0x026e0000

CodeCache: size=32768Kb used=10655Kb max_used=10655Kb free=22112Kb
 bounds [0x02c00000, 0x03670000, 0x04c00000]
 total_blobs=5223 nmethods=4763 adapters=386
 compilation: enabled

Compilation events (10 events):
Event: 531.902 Thread 0x35da2000 4866             sun.nio.ch.WindowsSelectorImpl::updateSelectedKeys (74 bytes)
Event: 531.902 Thread 0x35d7e400 nmethod 4863 0x036671c8 code [0x036672d0, 0x03667520]
Event: 531.903 Thread 0x35d7e400 4867             sun.nio.ch.WindowsSelectorImpl$SubSelector::access$2900 (6 bytes)
Event: 531.903 Thread 0x35da2000 nmethod 4866 0x036676c8 code [0x03667810, 0x03667a0c]
Event: 531.903 Thread 0x35d7e400 nmethod 4867 0x03667c88 code [0x03667d80, 0x03667e1c]
Event: 531.903 Thread 0x35da2000 4868             sun.nio.ch.WindowsSelectorImpl$SubSelector::processSelectedKeys (64 bytes)
Event: 531.903 Thread 0x35d7e400 4869   !         sun.nio.ch.WindowsSelectorImpl::resetWakeupSocket (41 bytes)
Event: 531.904 Thread 0x35da2000 nmethod 4868 0x03667ec8 code [0x03667fe0, 0x03668124]
Event: 531.904 Thread 0x35d7e400 nmethod 4869 0x036681c8 code [0x036682d0, 0x0366854c]
Event: 531.905 Thread 0x35da1000 nmethod 4865 0x03668608 code [0x03668780, 0x03669064]

GC Heap History (10 events):
Event: 25.499 GC heap before
{Heap before GC invocations=21 (full 3):
 def new generation   total 235968K, used 222120K [0x04c00000, 0x14c00000, 0x14c00000)
  eden space 209792K, 100% used [0x04c00000, 0x118e0000, 0x118e0000)
  from space 26176K,  47% used [0x118e0000, 0x124ea0a8, 0x13270000)
  to   space 26176K,   0% used [0x13270000, 0x13270000, 0x14c00000)
 tenured generation   total 524288K, used 103338K [0x14c00000, 0x34c00000, 0x34c00000)
   the space 524288K,  19% used [0x14c00000, 0x1b0ea8e0, 0x1b0eaa00, 0x34c00000)
 Metaspace       used 43650K, capacity 44286K, committed 44416K, reserved 44416K
Event: 25.548 GC heap after
Heap after GC invocations=22 (full 3):
 def new generation   total 235968K, used 19071K [0x04c00000, 0x14c00000, 0x14c00000)
  eden space 209792K,   0% used [0x04c00000, 0x04c00000, 0x118e0000)
  from space 26176K,  72% used [0x13270000, 0x1450ff30, 0x14c00000)
  to   space 26176K,   0% used [0x118e0000, 0x118e0000, 0x13270000)
 tenured generation   total 524288K, used 103338K [0x14c00000, 0x34c00000, 0x34c00000)
   the space 524288K,  19% used [0x14c00000, 0x1b0ea8e0, 0x1b0eaa00, 0x34c00000)
 Metaspace       used 43650K, capacity 44286K, committed 44416K, reserved 44416K
}
Event: 26.872 GC heap before
{Heap before GC invocations=22 (full 3):
 def new generation   total 235968K, used 228863K [0x04c00000, 0x14c00000, 0x14c00000)
  eden space 209792K, 100% used [0x04c00000, 0x118e0000, 0x118e0000)
  from space 26176K,  72% used [0x13270000, 0x1450ff30, 0x14c00000)
  to   space 26176K,   0% used [0x118e0000, 0x118e0000, 0x13270000)
 tenured generation   total 524288K, used 103338K [0x14c00000, 0x34c00000, 0x34c00000)
   the space 524288K,  19% used [0x14c00000, 0x1b0ea8e0, 0x1b0eaa00, 0x34c00000)
 Metaspace       used 44944K, capacity 45605K, committed 45696K, reserved 46464K
Event: 26.939 GC heap after
Heap after GC invocations=23 (full 3):
 def new generation   total 235968K, used 15815K [0x04c00000, 0x14c00000, 0x14c00000)
  eden space 209792K,   0% used [0x04c00000, 0x04c00000, 0x118e0000)
  from space 26176K,  60% used [0x118e0000, 0x12851c18, 0x13270000)
  to   space 26176K,   0% used [0x13270000, 0x13270000, 0x14c00000)
 tenured generation   total 524288K, used 112897K [0x14c00000, 0x34c00000, 0x34c00000)
   the space 524288K,  21% used [0x14c00000, 0x1ba40460, 0x1ba40600, 0x34c00000)
 Metaspace       used 44944K, capacity 45605K, committed 45696K, reserved 46464K
}
Event: 27.888 GC heap before
{Heap before GC invocations=23 (full 3):
 def new generation   total 235968K, used 225607K [0x04c00000, 0x14c00000, 0x14c00000)
  eden space 209792K, 100% used [0x04c00000, 0x118e0000, 0x118e0000)
  from space 26176K,  60% used [0x118e0000, 0x12851c18, 0x13270000)
  to   space 26176K,   0% used [0x13270000, 0x13270000, 0x14c00000)
 tenured generation   total 524288K, used 112897K [0x14c00000, 0x34c00000, 0x34c00000)
   the space 524288K,  21% used [0x14c00000, 0x1ba40460, 0x1ba40600, 0x34c00000)
 Metaspace       used 45900K, capacity 46670K, committed 46720K, reserved 47488K
Event: 27.929 GC heap after
Heap after GC invocations=24 (full 3):
 def new generation   total 235968K, used 8244K [0x04c00000, 0x14c00000, 0x14c00000)
  eden space 209792K,   0% used [0x04c00000, 0x04c00000, 0x118e0000)
  from space 26176K,  31% used [0x13270000, 0x13a7d198, 0x14c00000)
  to   space 26176K,   0% used [0x118e0000, 0x118e0000, 0x13270000)
 tenured generation   total 524288K, used 120684K [0x14c00000, 0x34c00000, 0x34c00000)
   the space 524288K,  23% used [0x14c00000, 0x1c1db2c8, 0x1c1db400, 0x34c00000)
 Metaspace       used 45900K, capacity 46670K, committed 46720K, reserved 47488K
}
Event: 29.320 GC heap before
{Heap before GC invocations=24 (full 3):
 def new generation   total 235968K, used 218036K [0x04c00000, 0x14c00000, 0x14c00000)
  eden space 209792K, 100% used [0x04c00000, 0x118e0000, 0x118e0000)
  from space 26176K,  31% used [0x13270000, 0x13a7d198, 0x14c00000)
  to   space 26176K,   0% used [0x118e0000, 0x118e0000, 0x13270000)
 tenured generation   total 524288K, used 120684K [0x14c00000, 0x34c00000, 0x34c00000)
   the space 524288K,  23% used [0x14c00000, 0x1c1db2c8, 0x1c1db400, 0x34c00000)
 Metaspace       used 46920K, capacity 47734K, committed 47872K, reserved 48512K
Event: 29.367 GC heap after
Heap after GC invocations=25 (full 3):
 def new generation   total 235968K, used 18540K [0x04c00000, 0x14c00000, 0x14c00000)
  eden space 209792K,   0% used [0x04c00000, 0x04c00000, 0x118e0000)
  from space 26176K,  70% used [0x118e0000, 0x12afb250, 0x13270000)
  to   space 26176K,   0% used [0x13270000, 0x13270000, 0x14c00000)
 tenured generation   total 524288K, used 120684K [0x14c00000, 0x34c00000, 0x34c00000)
   the space 524288K,  23% used [0x14c00000, 0x1c1db2c8, 0x1c1db400, 0x34c00000)
 Metaspace       used 46920K, capacity 47734K, committed 47872K, reserved 48512K
}
Event: 30.413 GC heap before
{Heap before GC invocations=25 (full 3):
 def new generation   total 235968K, used 228332K [0x04c00000, 0x14c00000, 0x14c00000)
  eden space 209792K, 100% used [0x04c00000, 0x118e0000, 0x118e0000)
  from space 26176K,  70% used [0x118e0000, 0x12afb250, 0x13270000)
  to   space 26176K,   0% used [0x13270000, 0x13270000, 0x14c00000)
 tenured generation   total 524288K, used 120684K [0x14c00000, 0x34c00000, 0x34c00000)
   the space 524288K,  23% used [0x14c00000, 0x1c1db2c8, 0x1c1db400, 0x34c00000)
 Metaspace       used 47409K, capacity 48246K, committed 48384K, reserved 48512K
Event: 30.499 GC heap after
Heap after GC invocations=26 (full 3):
 def new generation   total 235968K, used 16384K [0x04c00000, 0x14c00000, 0x14c00000)
  eden space 209792K,   0% used [0x04c00000, 0x04c00000, 0x118e0000)
  from space 26176K,  62% used [0x13270000, 0x14270168, 0x14c00000)
  to   space 26176K,   0% used [0x118e0000, 0x118e0000, 0x13270000)
 tenured generation   total 524288K, used 128677K [0x14c00000, 0x34c00000, 0x34c00000)
   the space 524288K,  24% used [0x14c00000, 0x1c9a9450, 0x1c9a9600, 0x34c00000)
 Metaspace       used 47409K, capacity 48246K, committed 48384K, reserved 48512K
}

Deoptimization events (0 events):
No events

Internal exceptions (10 events):
Event: 31.663 Thread 0x02a1dc00 Exception <a 'java/lang/ArrayIndexOutOfBoundsException'> (0x0fe23098) thrown at [C:\re\workspace\8-2-build-windows-i586-cygwin\jdk8u131\8869\hotspot\src\share\vm\runtime\sharedRuntime.cpp, line 605]
Event: 31.663 Thread 0x02a1dc00 Exception <a 'java/lang/ArrayIndexOutOfBoundsException'> (0x0fe25b10) thrown at [C:\re\workspace\8-2-build-windows-i586-cygwin\jdk8u131\8869\hotspot\src\share\vm\runtime\sharedRuntime.cpp, line 605]
Event: 31.663 Thread 0x02a1dc00 Exception <a 'java/lang/ArrayIndexOutOfBoundsException'> (0x0fe27298) thrown at [C:\re\workspace\8-2-build-windows-i586-cygwin\jdk8u131\8869\hotspot\src\share\vm\runtime\sharedRuntime.cpp, line 605]
Event: 31.665 Thread 0x02a1dc00 Exception <a 'java/lang/ClassNotFoundException': grails/boot/GrailsApp$1Customizer> (0x0fe45f10) thrown at [C:\re\workspace\8-2-build-windows-i586-cygwin\jdk8u131\8869\hotspot\src\share\vm\classfile\systemDictionary.cpp, line 210]
Event: 31.665 Thread 0x02a1dc00 Exception <a 'java/lang/ArrayIndexOutOfBoundsException'> (0x0fe498c8) thrown at [C:\re\workspace\8-2-build-windows-i586-cygwin\jdk8u131\8869\hotspot\src\share\vm\runtime\sharedRuntime.cpp, line 605]
Event: 31.665 Thread 0x02a1dc00 Exception <a 'java/lang/ArrayIndexOutOfBoundsException'> (0x0fe4b5e0) thrown at [C:\re\workspace\8-2-build-windows-i586-cygwin\jdk8u131\8869\hotspot\src\share\vm\runtime\sharedRuntime.cpp, line 605]
Event: 31.673 Thread 0x02a1dc00 Exception <a 'java/lang/ClassNotFoundException': grails/boot/GrailsApp$2BeanInfo> (0x0ff03e50) thrown at [C:\re\workspace\8-2-build-windows-i586-cygwin\jdk8u131\8869\hotspot\src\share\vm\classfile\systemDictionary.cpp, line 210]
Event: 31.674 Thread 0x02a1dc00 Exception <a 'java/lang/ClassNotFoundException': grails/boot/GrailsApp$2Customizer> (0x0ff1f7c0) thrown at [C:\re\workspace\8-2-build-windows-i586-cygwin\jdk8u131\8869\hotspot\src\share\vm\classfile\systemDictionary.cpp, line 210]
Event: 31.771 Thread 0x02a1dc00 Exception <a 'java/lang/ClassNotFoundException': org/springframework/boot/context/embedded/tomcat/TomcatEmbeddedServletContainerBeanInfo> (0x10e019f0) thrown at [C:\re\workspace\8-2-build-windows-i586-cygwin\jdk8u131\8869\hotspot\src\share\vm\classfile\sy
Event: 31.771 Thread 0x02a1dc00 Exception <a 'java/lang/ClassNotFoundException': org/springframework/boot/context/embedded/tomcat/TomcatEmbeddedServletContainerCustomizer> (0x10e398b0) thrown at [C:\re\workspace\8-2-build-windows-i586-cygwin\jdk8u131\8869\hotspot\src\share\vm\classfile\

Events (10 events):
Event: 141.113 loading class net/sf/ehcache/store/compound/Segment$HashIterator
Event: 141.113 loading class net/sf/ehcache/store/compound/Segment$HashIterator done
Event: 204.064 loading class org/apache/catalina/Session
Event: 204.064 loading class org/apache/catalina/Session done
Event: 330.900 loading class java/util/WeakHashMap$Values
Event: 330.901 loading class java/util/WeakHashMap$Values done
Event: 330.901 loading class java/util/WeakHashMap$ValueIterator
Event: 330.901 loading class java/util/WeakHashMap$HashIterator
Event: 330.901 loading class java/util/WeakHashMap$HashIterator done
Event: 330.901 loading class java/util/WeakHashMap$ValueIterator done


Dynamic libraries:
0x00250000 - 0x00283000 	C:\Program Files (x86)\Java\jdk1.8.0_131\bin\java.exe
0x77cd0000 - 0x77e3f000 	C:\Windows\SYSTEM32\ntdll.dll
0x77ab0000 - 0x77bf0000 	C:\Windows\SYSTEM32\KERNEL32.DLL
0x75950000 - 0x75a27000 	C:\Windows\SYSTEM32\KERNELBASE.dll
0x73890000 - 0x73930000 	C:\Windows\system32\apphelp.dll
0x628c0000 - 0x62b26000 	C:\Windows\AppPatch\AcGenral.DLL
0x77870000 - 0x77933000 	C:\Windows\SYSTEM32\msvcrt.dll
0x76330000 - 0x76371000 	C:\Windows\SYSTEM32\sechost.dll
0x77a70000 - 0x77a8e000 	C:\Windows\SYSTEM32\SspiCli.dll
0x75f60000 - 0x75fa5000 	C:\Windows\SYSTEM32\SHLWAPI.dll
0x74270000 - 0x7435d000 	C:\Windows\SYSTEM32\UxTheme.dll
0x76150000 - 0x762a3000 	C:\Windows\SYSTEM32\USER32.dll
0x75fb0000 - 0x760bc000 	C:\Windows\SYSTEM32\GDI32.dll
0x74b70000 - 0x74b93000 	C:\Windows\SYSTEM32\WINMM.dll
0x62b30000 - 0x62b43000 	C:\Windows\SYSTEM32\samcli.dll
0x755e0000 - 0x75709000 	C:\Windows\SYSTEM32\ole32.dll
0x75bf0000 - 0x75c87000 	C:\Windows\SYSTEM32\OLEAUT32.dll
0x72d40000 - 0x72d57000 	C:\Windows\SYSTEM32\MSACM32.dll
0x74e50000 - 0x74e58000 	C:\Windows\SYSTEM32\VERSION.dll
0x765b0000 - 0x7786a000 	C:\Windows\SYSTEM32\SHELL32.dll
0x75420000 - 0x7543b000 	C:\Windows\SYSTEM32\USERENV.dll
0x74250000 - 0x7426a000 	C:\Windows\SYSTEM32\dwmapi.dll
0x6c180000 - 0x6c2cb000 	C:\Windows\SYSTEM32\urlmon.dll
0x762b0000 - 0x7632c000 	C:\Windows\SYSTEM32\ADVAPI32.dll
0x74360000 - 0x743c5000 	C:\Windows\SYSTEM32\WINSPOOL.DRV
0x6ab10000 - 0x6ab26000 	C:\Windows\SYSTEM32\MPR.dll
0x764f0000 - 0x765aa000 	C:\Windows\SYSTEM32\RPCRT4.dll
0x754b0000 - 0x754ba000 	C:\Windows\SYSTEM32\CRYPTBASE.dll
0x75710000 - 0x7588d000 	C:\Windows\SYSTEM32\combase.dll
0x74b40000 - 0x74b63000 	C:\Windows\SYSTEM32\WINMMBASE.dll
0x75400000 - 0x7540f000 	C:\Windows\SYSTEM32\profapi.dll
0x73d60000 - 0x73f95000 	C:\Windows\SYSTEM32\iertutil.dll
0x73fa0000 - 0x7424b000 	C:\Windows\SYSTEM32\WININET.dll
0x75450000 - 0x754a4000 	C:\Windows\SYSTEM32\bcryptPrimitives.dll
0x77a20000 - 0x77a5c000 	C:\Windows\SYSTEM32\cfgmgr32.dll
0x75380000 - 0x753a1000 	C:\Windows\SYSTEM32\DEVOBJ.dll
0x74d60000 - 0x74deb000 	C:\Windows\SYSTEM32\SHCORE.DLL
0x77940000 - 0x77967000 	C:\Windows\system32\IMM32.DLL
0x75e40000 - 0x75f52000 	C:\Windows\SYSTEM32\MSCTF.dll
0x745c0000 - 0x747c6000 	C:\Windows\WinSxS\x86_microsoft.windows.common-controls_6595b64144ccf1df_6.0.9600.18006_none_a9ec6aab013aafee\COMCTL32.dll
0x62d00000 - 0x62dbf000 	C:\Program Files (x86)\Java\jdk1.8.0_131\jre\bin\msvcr100.dll
0x5b030000 - 0x5b3fe000 	C:\Program Files (x86)\Java\jdk1.8.0_131\jre\bin\client\jvm.dll
0x74d20000 - 0x74d28000 	C:\Windows\SYSTEM32\WSOCK32.dll
0x77970000 - 0x77976000 	C:\Windows\SYSTEM32\PSAPI.DLL
0x754c0000 - 0x7550f000 	C:\Windows\SYSTEM32\WS2_32.dll
0x77bf0000 - 0x77bf7000 	C:\Windows\SYSTEM32\NSI.dll
0x72e00000 - 0x72e0c000 	C:\Program Files (x86)\Java\jdk1.8.0_131\jre\bin\verify.dll
0x62cd0000 - 0x62cf1000 	C:\Program Files (x86)\Java\jdk1.8.0_131\jre\bin\java.dll
0x62b60000 - 0x62b80000 	C:\Program Files (x86)\Java\jdk1.8.0_131\jre\bin\instrument.dll
0x62cb0000 - 0x62cc3000 	C:\Program Files (x86)\Java\jdk1.8.0_131\jre\bin\zip.dll
0x62bc0000 - 0x62bd6000 	C:\Program Files (x86)\Java\jdk1.8.0_131\jre\bin\net.dll
0x74a90000 - 0x74adb000 	C:\Windows\system32\mswsock.dll
0x64650000 - 0x64661000 	C:\Windows\system32\napinsp.dll
0x64630000 - 0x64646000 	C:\Windows\system32\pnrpnsp.dll
0x64610000 - 0x64624000 	C:\Windows\system32\NLAapi.dll
0x748d0000 - 0x7494e000 	C:\Windows\SYSTEM32\DNSAPI.dll
0x64600000 - 0x6460a000 	C:\Windows\System32\winrnr.dll
0x645f0000 - 0x64600000 	C:\Windows\system32\wshbth.dll
0x748c0000 - 0x748c8000 	C:\Windows\System32\rasadhlp.dll
0x74f00000 - 0x74f20000 	C:\Windows\SYSTEM32\IPHLPAPI.DLL
0x74df0000 - 0x74df8000 	C:\Windows\SYSTEM32\WINNSI.DLL
0x74870000 - 0x748b6000 	C:\Windows\System32\fwpuclnt.dll
0x62b80000 - 0x62b8a000 	C:\Program Files (x86)\Java\jdk1.8.0_131\jre\bin\management.dll
0x62ca0000 - 0x62caf000 	C:\Program Files (x86)\Java\jdk1.8.0_131\jre\bin\nio.dll
0x74c40000 - 0x74c59000 	C:\Windows\SYSTEM32\CRYPTSP.dll
0x74c10000 - 0x74c40000 	C:\Windows\system32\rsaenh.dll
0x74bf0000 - 0x74c0e000 	C:\Windows\SYSTEM32\bcrypt.dll
0x74420000 - 0x74433000 	C:\Windows\SYSTEM32\dhcpcsvc6.DLL
0x74440000 - 0x74454000 	C:\Windows\SYSTEM32\dhcpcsvc.DLL
0x73a80000 - 0x73bc1000 	C:\Windows\SYSTEM32\dbghelp.dll

VM Arguments:
jvm_args: -Dendpoints.shutdown.enabled=true -Denv=development -Dfull.stacktrace=false -Dgrails.env=development -Dgrails.full.stacktrace=false -Dinfo.app.grailsVersion=3.1.9 -Dinfo.app.name=mes_web_v1.37 -Dinfo.app.version=1.37 -Dinteractive.mode.enabled=true -Djdk.reflect.allowGetCallerClass=true -Drun.active=true -Dserver.port=8001 -Dspringloaded=inclusions=grails.plugins..*;synchronize=true;allowSplitPackages=true;cacheDir=C:\Users\1200\Documents\Grails\mes_web_v1.37\build\springloaded -Dverbose=false -XX:+TieredCompilation -XX:TieredStopAtLevel=1 -XX:CICompilerCount=3 -Xverify:none -javaagent:C:\Users\1200\.gradle\caches\modules-2\files-2.1\org.springframework\springloaded\1.2.6.RELEASE\df364cd5f36ae9a01ac4e73ecd138daa735fbbc8\springloaded-1.2.6.RELEASE.jar -Xverify:none -Xms768m -Xmx768m -Dfile.encoding=windows-1252 -Duser.country=MX -Duser.language=es -Duser.variant 
java_command: mes_web.Application
java_class_path (initial): C:\Users\1200\Documents\Grails\mes_web_v1.37\build\classes\main;C:\Users\1200\Documents\Grails\mes_web_v1.37\build\resources\main;C:\Users\1200\Documents\Grails\mes_web_v1.37\gsp-classes;C:\Users\1200\.gradle\caches\modules-2\files-2.1\org.springframework.boot\spring-boot-starter-logging\1.3.5.RELEASE\a71e1d7fff512b1eadd3426ea1ce5b4cc703c429\spring-boot-starter-logging-1.3.5.RELEASE.jar;C:\Users\1200\.gradle\caches\modules-2\files-2.1\org.springframework.boot\spring-boot-autoconfigure\1.3.5.RELEASE\2bcfa86bb3afd95eff5252db6d78f2693b706997\spring-boot-autoconfigure-1.3.5.RELEASE.jar;C:\Users\1200\.gradle\caches\modules-2\files-2.1\org.grails\grails-core\3.1.9\3a08d42d7c2c3707c73730cf51d3bf0eb608ecc5\grails-core-3.1.9.jar;C:\Users\1200\.gradle\caches\modules-2\files-2.1\org.springframework.boot\spring-boot-starter-actuator\1.3.5.RELEASE\abb4f12506b8cd47689be14b0f54a24dd79f3ed5\spring-boot-starter-actuator-1.3.5.RELEASE.jar;C:\Users\1200\.gradle\caches\modules-2\files-2.1\org.springframework.boot\spring-boot-starter-tomcat\1.3.5.RELEASE\b4c6277ccec38c51716659886efec073c4b386ea\spring-boot-starter-tomcat-1.3.5.RELEASE.jar;C:\Users\1200\.gradle\caches\modules-2\files-2.1\org.postgresql\postgresql\9.4-1201-jdbc4\7f7a680f2aa8fe5d511c5cf5f78fa3a297a8e52b\postgresql-9.4-1201-jdbc4.jar;C:\Users\1200\.gradle\caches\modules-2\files-2.1\org.grails\grails-web-boot\3.1.9\f36e2be02a399a2b92d9f38437fa3ebbedb24849\grails-web-boot-3.1.9.jar;C:\Users\1200\.gradle\caches\modules-2\files-2.1\org.grails.plugins\cache\3.0.2\519bc1bffb2afa10c93b92e872d49a5238e96558\cache-3.0.2.jar;C:\Users\1200\.gradle\caches\modules-2\files-2.1\org.grails.plugins\scaffolding\3.2.1\82b56d19aff8da7818a17e723c8a49f7499caf26\scaffolding-3.2.1.jar;C:\Users\1200\.gradle\caches\modules-2\files-2.1\org.grails.plugins\hibernate4\5.0.10\e5c5ae9264c8290085b4081fe3bdb2bef1d28d2c\hibernate4-5.0.10.jar;C:\Users\1200\.gradle\caches\modules-2\files-2.1\org.grails\grails-plugin-rest\3.1.9\b8aa3
Launcher Type: SUN_STANDARD

Environment Variables:
JAVA_HOME=C:\Program Files (x86)\Java\jdk1.8.0_131
PATH=C:\ProgramData\Oracle\Java\javapath;C:\Program Files (x86)\Java\jdk1.8.0_131\bin;C:\grails\bin;C:\Program Files\PHP\v7.0;C:\Program Files (x86)\Intel\iCLS Client\;C:\Program Files\Intel\iCLS Client\;C:\Windows\system32;C:\Windows;C:\Windows\System32\Wbem;C:\Windows\System32\WindowsPowerShell\v1.0\;C:\Program Files\Intel\Intel(R) Management Engine Components\DAL;C:\Program Files (x86)\Intel\Intel(R) Management Engine Components\DAL;C:\Program Files\Intel\Intel(R) Management Engine Components\IPT;C:\Program Files (x86)\Intel\Intel(R) Management Engine Components\IPT;C:\Program Files (x86)\PuTTY\;C:\Program Files (x86)\Microsoft SQL Server\100\Tools\Binn\;C:\Program Files\Microsoft SQL Server\100\Tools\Binn\;C:\Program Files\Microsoft SQL Server\100\DTS\Binn\;C:\Program Files (x86)\Microsoft SQL Server\100\Tools\Binn\VSShell\Common7\IDE\;C:\Program Files (x86)\Microsoft Visual Studio 9.0\Common7\IDE\PrivateAssemblies\;C:\Program Files (x86)\Microsoft SQL Server\100\DTS\Binn\;C:\Windows\system32\config\systemprofile\.dnx\bin;C:\Program Files\Microsoft DNX\Dnvm\;C:\Program Files\Microsoft SQL Server\120\Tools\Binn\;C:\Program Files\MySQL\MySQL Utilities 1.6\;C:\Program Files\MySQL\MySQL Server 5.7\bin;C:\Program Files (x86)\GtkSharp\2.12\bin;C:\Program Files (x86)\SSH Communications Security\SSH Secure Shell
USERNAME=1200
OS=Windows_NT
PROCESSOR_IDENTIFIER=Intel64 Family 6 Model 61 Stepping 4, GenuineIntel



---------------  S Y S T E M  ---------------

OS: Windows 8.1 , 64 bit Build 9600 (6.3.9600.17415)

CPU:total 4 (initial active 4) (2 cores per cpu, 2 threads per core) family 6 model 61 stepping 4, cmov, cx8, fxsr, mmx, sse, sse2, sse3, ssse3, sse4.1, sse4.2, popcnt, avx, avx2, aes, clmul, erms, 3dnowpref, lzcnt, ht, tsc, tscinvbit, bmi1, bmi2, adx

Memory: 4k page, physical 12483612k(6375220k free), swap 14384156k(6928592k free)

vm_info: Java HotSpot(TM) Client VM (25.131-b11) for windows-x86 JRE (1.8.0_131-b11), built on Mar 15 2017 01:26:29 by "java_re" with MS VC++ 10.0 (VS2010)

time: Wed Jun 21 15:36:28 2017
elapsed time: 648 seconds (0d 0h 10m 48s)

